#
# There is insufficient memory for the Java Runtime Environment to continue.
# Native memory allocation (malloc) failed to allocate 943320 bytes. Error detail: Chunk::new
# Possible reasons:
#   The system is out of physical RAM or swap space
#   This process is running with CompressedOops enabled, and the Java Heap may be blocking the growth of the native heap
# Possible solutions:
#   Reduce memory load on the system
#   Increase physical memory or swap space
#   Check if swap backing store is full
#   Decrease Java heap size (-Xmx/-Xms)
#   Decrease number of Java threads
#   Decrease Java thread stack sizes (-Xss)
#   Set larger code cache with -XX:ReservedCodeCacheSize=
#   JVM is running with Unscaled Compressed Oops mode in which the Java heap is
#     placed in the first 4GB address space. The Java Heap base address is the
#     maximum limit for the native heap growth. Please use -XX:HeapBaseMinAddress
#     to set the Java Heap base and to place the Java Heap above 4GB virtual address.
# This output file may be truncated or incomplete.
#
#  Out of Memory Error (arena.cpp:193), pid=2268, tid=2880
#
# JRE version: OpenJDK Runtime Environment Temurin-26.0.1+8 (26.0.1+8) (build 26.0.1+8)
# Java VM: OpenJDK 64-Bit Server VM Temurin-26.0.1+8 (26.0.1+8, mixed mode, sharing, tiered, compressed oops, compressed class ptrs, g1 gc, windows-amd64)
# No core dump will be written. Minidumps are not enabled by default on client versions of Windows
#

---------------  S U M M A R Y ------------

Command Line: --enable-native-access=ALL-UNNAMED -Dclassworlds.conf=C:\Program Files\Apache NetBeans\java\maven\bin\m2.conf -Dmaven.home=C:\Program Files\Apache NetBeans\java\maven -Dlibrary.jansi.path=C:\Program Files\Apache NetBeans\java\maven\lib\jansi-native -Dmaven.multiModuleProjectDirectory=C:\Users\HP\OneDrive\Documents\NetBeansProjects\TPBanquejoris org.codehaus.plexus.classworlds.launcher.Launcher -Dmaven.ext.class.path=C:\Program Files\Apache NetBeans\java\maven-nblib\netbeans-eventspy.jar --no-transfer-progress clean

Host: Intel(R) Core(TM) i5-3437U CPU @ 1.90GHz, 4 cores, 3G,  Windows 10 , 64 bit Build 19041 (10.0.19041.6807)
Time: Wed Jun 10 12:59:12 2026 Greenwich elapsed time: 74.072598 seconds (0d 0h 1m 14s)

---------------  T H R E A D  ---------------

Current thread (0x0000013c70e5da60):  JavaThread "C2 CompilerThread0" daemon [_thread_in_native, id=2880, stack(0x0000003974900000,0x0000003974a00000) (1024K)]


Current CompileTask:
C2:74072 3200       4       org.apache.maven.model.io.xpp3.MavenXpp3Reader::checkFieldWithDuplicate (75 bytes)

Stack: [0x0000003974900000,0x0000003974a00000]
Native frames: (J=compiled Java code, j=interpreted, Vv=VM code, C=native code)
V  [jvm.dll+0x7db749]  (no source info available)
V  [jvm.dll+0x7a82bd]  (no source info available)
V  [jvm.dll+0xa44a60]  (no source info available)
V  [jvm.dll+0xa46eb1]  (no source info available)
V  [jvm.dll+0xa475c3]  (no source info available)
V  [jvm.dll+0x311a96]  (no source info available)
V  [jvm.dll+0x120316]  (no source info available)
V  [jvm.dll+0x12063e]  (no source info available)
V  [jvm.dll+0x1b2836]  (no source info available)
V  [jvm.dll+0x3ce802]  (no source info available)
V  [jvm.dll+0x7e430f]  (no source info available)
V  [jvm.dll+0x2d4597]  (no source info available)
V  [jvm.dll+0x2d350f]  (no source info available)
V  [jvm.dll+0x249670]  (no source info available)
V  [jvm.dll+0x2e363c]  (no source info available)
V  [jvm.dll+0x2e181d]  (no source info available)
V  [jvm.dll+0x4a82ae]  (no source info available)
V  [jvm.dll+0x9e3039]  (no source info available)
V  [jvm.dll+0x7dd228]  (no source info available)
C  [ucrtbase.dll+0x21bb2]  (no source info available)
C  [KERNEL32.DLL+0x17374]  (no source info available)
C  [ntdll.dll+0x4cc91]  (no source info available)

Lock stack of current Java thread (top to bottom):


---------------  P R O C E S S  ---------------

Threads class SMR info:
_java_thread_list=0x0000013c7563e100, length=11, elements={
0x0000013c53404430, 0x0000013c70e2a780, 0x0000013c70e2b1d0, 0x0000013c70e2e150,
0x0000013c70e2f230, 0x0000013c70e2fbf0, 0x0000013c70e38ce0, 0x0000013c70e5da60,
0x0000013c70e70cf0, 0x0000013c750606a0, 0x0000013c75066750
}

Java Threads: ( => current thread )
  0x0000013c53404430 JavaThread "main"                              [_thread_blocked, id=1976, stack(0x0000003973a00000,0x0000003973b00000) (1024K)]
  0x0000013c70e2a780 JavaThread "Reference Handler"          daemon [_thread_blocked, id=2636, stack(0x0000003974300000,0x0000003974400000) (1024K)]
  0x0000013c70e2b1d0 JavaThread "Finalizer"                  daemon [_thread_blocked, id=1344, stack(0x0000003974400000,0x0000003974500000) (1024K)]
  0x0000013c70e2e150 JavaThread "Signal Dispatcher"          daemon [_thread_blocked, id=176, stack(0x0000003974500000,0x0000003974600000) (1024K)]
  0x0000013c70e2f230 JavaThread "Attach Listener"            daemon [_thread_blocked, id=3604, stack(0x0000003974600000,0x0000003974700000) (1024K)]
  0x0000013c70e2fbf0 JavaThread "Service Thread"             daemon [_thread_blocked, id=896, stack(0x0000003974700000,0x0000003974800000) (1024K)]
  0x0000013c70e38ce0 JavaThread "Monitor Deflation Thread"   daemon [_thread_blocked, id=7024, stack(0x0000003974800000,0x0000003974900000) (1024K)]
=>0x0000013c70e5da60 JavaThread "C2 CompilerThread0"         daemon [_thread_in_native, id=2880, stack(0x0000003974900000,0x0000003974a00000) (1024K)]
  0x0000013c70e70cf0 JavaThread "C1 CompilerThread0"         daemon [_thread_blocked, id=12216, stack(0x0000003974a00000,0x0000003974b00000) (1024K)]
  0x0000013c750606a0 JavaThread "Notification Thread"        daemon [_thread_blocked, id=2780, stack(0x0000003974b00000,0x0000003974c00000) (1024K)]
  0x0000013c75066750 JavaThread "Common-Cleaner"             daemon [_thread_blocked, id=812, stack(0x0000003974c00000,0x0000003974d00000) (1024K)]
Total: 11

Other Threads:
  0x0000013c535cbe60 VMThread "VM Thread"                           [id=10576, stack(0x0000003974200000,0x0000003974300000) (1024K)]
  0x0000013c535679a0 WatcherThread "VM Periodic Task Thread"        [id=9968, stack(0x0000003974100000,0x0000003974200000) (1024K)]
  0x0000013c53538ef0 WorkerThread "GC Thread#0"                     [id=6608, stack(0x0000003973b00000,0x0000003973c00000) (1024K)]
  0x0000013c75262ba0 WorkerThread "GC Thread#1"                     [id=5580, stack(0x0000003974e00000,0x0000003974f00000) (1024K)]
  0x0000013c752ce1f0 WorkerThread "GC Thread#2"                     [id=8104, stack(0x0000003974d00000,0x0000003974e00000) (1024K)]
  0x0000013c759e4f50 WorkerThread "GC Thread#3"                     [id=10676, stack(0x0000003974f00000,0x0000003975000000) (1024K)]
  0x0000013c53545ad0 ConcurrentGCThread "G1 Main Marker"            [id=13224, stack(0x0000003973c00000,0x0000003973d00000) (1024K)]
  0x0000013c53546df0 WorkerThread "G1 Conc#0"                       [id=12536, stack(0x0000003973d00000,0x0000003973e00000) (1024K)]
  0x0000013c5356acb0 WorkerThread "G1 Refinement Workers#0"         [id=8588, stack(0x0000003973f00000,0x0000003974000000) (1024K)]
  0x0000013c535664e0 ConcurrentGCThread "G1 Refine Control"         [id=9296, stack(0x0000003973e00000,0x0000003973f00000) (1024K)]
  0x0000013c5356b420 ConcurrentGCThread "G1 Service"                [id=13104, stack(0x0000003974000000,0x0000003974100000) (1024K)]
Total: 11

Threads with active compile tasks:
C2 CompilerThread0  80828 3200       4       org.apache.maven.model.io.xpp3.MavenXpp3Reader::checkFieldWithDuplicate (75 bytes)
Total: 1

VM state: not at safepoint (normal execution)

VM Mutex/Monitor currently owned by a thread: None

Heap address: 0x00000000c2200000, size: 990 MB, Compressed Oops mode: 32-bit

CDS archive(s) mapped at: [0x000000001b000000-0x000000001bde0000-0x000000001bde0000), size 14548992, SharedBaseAddress: 0x000000001b000000, ArchiveRelocationMode: 1.
Compressed class space mapped at: 0x000000001c000000-0x000000005c000000, reserved size: 1073741824
UseCompressedClassPointers 1, UseCompactObjectHeaders 0
Narrow klass pointer bits 32, Max shift 3
Narrow klass base: 0x000000001b000000, Narrow klass shift: 0
Encoding Range: [0x000000001b000000 - 0x000000011b000000), (4294967296 bytes)
Klass Range:    [0x000000001b000000 - 0x000000005c000000), (1090519040 bytes)
Klass ID Range:  [8 - 1090519033) (1090519025)
Protection zone: [0x000000001b000000 - 0x000000001b010000), (65536 bytes)

GC Precious Log:
 CardTable entry size: 512
 Card Set container configuration: InlinePtr #cards 5 size 8 Array Of Cards #cards 10 size 36 Howl #buckets 4 coarsen threshold 1843 Howl Bitmap #cards 512 size 80 coarsen threshold 460 Card regions per heap region 1 cards per card region 2048
 CPUs: 4 total, 4 available
 Memory: 3959M
 Large Page Support: Disabled
 NUMA Support: Disabled
 Compressed Oops: Enabled (32-bit)
 Heap Region Size: 1M
 Heap Min Capacity: 8M
 Heap Initial Capacity: 8M
 Heap Max Capacity: 990M
 Pre-touch: Disabled
 Parallel Workers: 4
 Concurrent Workers: 1
 Concurrent Refinement Workers: 4
 Periodic GC: Disabled

Heap:
 garbage-first heap   total reserved 1013760K, committed 15360K, used 8794K [0x00000000c2200000, 0x0000000100000000)
  region size 1M, 1 eden (1M), 0 survivor (0M), 9 old (9M), 0 humongous (0M), 5 free (5M)

Heap Regions: E=young(eden), S=young(survivor), O=old, HS=humongous(starts), HC=humongous(continues), CS=collection set, F=free, TAMS=top-at-mark-start, PB=parsable bottom
|    0|0x00000000c2200000, 0x00000000c22e77b0, 0x00000000c2300000| 90%| O|  |TAMS 0x00000000c2200000| PB 0x00000000c2200000| Untracked |  0
|    1|0x00000000c2300000, 0x00000000c2400000, 0x00000000c2400000|100%| O|  |TAMS 0x00000000c2300000| PB 0x00000000c2300000| Untracked |  0
|    2|0x00000000c2400000, 0x00000000c24ffff0, 0x00000000c2500000| 99%| O|  |TAMS 0x00000000c2400000| PB 0x00000000c2400000| Untracked |  0
|    3|0x00000000c2500000, 0x00000000c25ffff8, 0x00000000c2600000| 99%| O|  |TAMS 0x00000000c2500000| PB 0x00000000c2500000| Untracked |  0
|    4|0x00000000c2600000, 0x00000000c26fffd8, 0x00000000c2700000| 99%| O|  |TAMS 0x00000000c2600000| PB 0x00000000c2600000| Untracked |  0
|    5|0x00000000c2700000, 0x00000000c27fffe0, 0x00000000c2800000| 99%| O|  |TAMS 0x00000000c2700000| PB 0x00000000c2700000| Untracked |  0
|    6|0x00000000c2800000, 0x00000000c28fffe8, 0x00000000c2900000| 99%| O|  |TAMS 0x00000000c2800000| PB 0x00000000c2800000| Untracked |  0
|    7|0x00000000c2900000, 0x00000000c29ffff8, 0x00000000c2a00000| 99%| O|  |TAMS 0x00000000c2900000| PB 0x00000000c2900000| Untracked |  0
|    8|0x00000000c2a00000, 0x00000000c2a00000, 0x00000000c2b00000|  0%| F|  |TAMS 0x00000000c2a00000| PB 0x00000000c2a00000| Untracked |  0
|  984|0x00000000ffa00000, 0x00000000ffaaf418, 0x00000000ffb00000| 68%| O|  |TAMS 0x00000000ffa00000| PB 0x00000000ffa00000| Untracked |  0
|  985|0x00000000ffb00000, 0x00000000ffb00000, 0x00000000ffc00000|  0%| F|  |TAMS 0x00000000ffb00000| PB 0x00000000ffb00000| Untracked |  0
|  986|0x00000000ffc00000, 0x00000000ffc00000, 0x00000000ffd00000|  0%| F|  |TAMS 0x00000000ffc00000| PB 0x00000000ffc00000| Untracked |  0
|  987|0x00000000ffd00000, 0x00000000ffd00000, 0x00000000ffe00000|  0%| F|  |TAMS 0x00000000ffd00000| PB 0x00000000ffd00000| Untracked |  0
|  988|0x00000000ffe00000, 0x00000000ffe00000, 0x00000000fff00000|  0%| F|  |TAMS 0x00000000ffe00000| PB 0x00000000ffe00000| Untracked |  0
|  989|0x00000000fff00000, 0x00000000fff14410, 0x0000000100000000|  7%| E|CS|TAMS 0x00000000fff00000| PB 0x00000000fff00000| Complete  |  0

Card table byte_map: [0x0000013c6d720000,0x0000013c6d910000] _byte_map_base: 0x0000013c6d10f000
Refinement table byte_map: [0x0000013c6d530000,0x0000013c6d720000] _byte_map_base: 0x0000013c6cf1f000

Marking Bits: (CMBitMap*) 0x0000013c53539670
 Bits: [0x0000013c6d910000, 0x0000013c6e888000)

Polling page: 0x0000013c533b0000

Metaspace:
Metaspace        used 15580K, committed 15872K, reserved 1114112K
 class space     used 1986K, committed 2112K, reserved 1048576K

Usage:
  Non-class:     13.28 MB used.
      Class:      1.94 MB used.
       Both:     15.22 MB used.

Virtual space:
  Non-class space:       64.00 MB reserved,      13.44 MB ( 21%) committed,  1 nodes.
      Class space:        1.00 GB reserved,       2.06 MB ( <1%) committed,  1 nodes.
             Both:        1.06 GB reserved,      15.50 MB (  1%) committed. 

Chunk freelists:
   Non-Class:  2.01 MB
       Class:  13.81 MB
        Both:  15.82 MB

MaxMetaspaceSize: unlimited
CompressedClassSpaceSize: 1.00 GB
Initial GC threshold: 21.00 MB
Current GC threshold: 25.62 MB
CDS: on
 - commit_granule_bytes: 65536.
 - commit_granule_words: 8192.
 - virtual_space_node_default_size: 8388608.
 - enlarge_chunks_in_place: 1.
UseCompressedClassPointers 1, UseCompactObjectHeaders 0
Narrow klass pointer bits 32, Max shift 3
Narrow klass base: 0x000000001b000000, Narrow klass shift: 0
Encoding Range: [0x000000001b000000 - 0x000000011b000000), (4294967296 bytes)
Klass Range:    [0x000000001b000000 - 0x000000005c000000), (1090519040 bytes)
Klass ID Range:  [8 - 1090519033) (1090519025)
Protection zone: [0x000000001b000000 - 0x000000001b010000), (65536 bytes)


Internal statistics:

num_allocs_failed_limit: 0.
num_arena_births: 138.
num_arena_deaths: 0.
num_vsnodes_births: 2.
num_vsnodes_deaths: 0.
num_space_committed: 248.
num_space_uncommitted: 0.
num_chunks_returned_to_freelist: 0.
num_chunks_taken_from_freelist: 722.
num_chunk_merges: 0.
num_chunk_splits: 467.
num_chunks_enlarged: 359.
num_inconsistent_stats: 0.

CodeHeap 'non-profiled nmethods': size=120064Kb used=821Kb max_used=858Kb free=119242Kb
 bounds [0x0000013c657e0000, 0x0000013c65a50000, 0x0000013c6cd20000]
CodeHeap 'profiled nmethods': size=120064Kb used=4426Kb max_used=4483Kb free=115637Kb
 bounds [0x0000013c5dd00000, 0x0000013c5e170000, 0x0000013c65240000]
CodeHeap 'non-nmethods': size=5760Kb used=1409Kb max_used=1446Kb free=4350Kb
 bounds [0x0000013c65240000, 0x0000013c654b0000, 0x0000013c657e0000]
CodeCache: size=245888Kb, used=6656Kb, max_used=6787Kb, free=239229Kb
 total_blobs=3463, nmethods=2943, adapters=423, full_count=0
Compilation: enabled, stopped_count=0, restarted_count=0

Compilation events (20 events):
Event: 73.091 Thread 0x0000013c70e70cf0 3203       1       org.apache.maven.model.Contributor::setName (6 bytes)
Event: 73.091 Thread 0x0000013c70e70cf0 nmethod 3203 0x0000013c65836108 code [0x0000013c65836200, 0x0000013c65836300]
Event: 73.091 Thread 0x0000013c70e70cf0 3204       1       org.apache.maven.model.Developer::setId (6 bytes)
Event: 73.092 Thread 0x0000013c70e70cf0 nmethod 3204 0x0000013c65855288 code [0x0000013c65855380, 0x0000013c65855480]
Event: 73.092 Thread 0x0000013c70e70cf0 3205       1       org.apache.maven.model.Contributor::setRoles (6 bytes)
Event: 73.092 Thread 0x0000013c70e70cf0 nmethod 3205 0x0000013c65854f08 code [0x0000013c65855000, 0x0000013c65855100]
Event: 73.093 Thread 0x0000013c70e70cf0 3206       1       org.apache.maven.model.Contributor::setEmail (6 bytes)
Event: 73.093 Thread 0x0000013c70e70cf0 nmethod 3206 0x0000013c65899708 code [0x0000013c65899800, 0x0000013c65899900]
Event: 73.093 Thread 0x0000013c70e70cf0 3207       1       org.apache.maven.model.Contributor::setTimezone (6 bytes)
Event: 73.093 Thread 0x0000013c70e70cf0 nmethod 3207 0x0000013c65899388 code [0x0000013c65899480, 0x0000013c65899580]
Event: 73.101 Thread 0x0000013c70e70cf0 3208       3       java.util.stream.ReferencePipeline::collect (124 bytes)
Event: 73.105 Thread 0x0000013c70e70cf0 nmethod 3208 0x0000013c5dd8a008 code [0x0000013c5dd8a100, 0x0000013c5dd8aef8]
Event: 73.105 Thread 0x0000013c70e70cf0 3210   !   3       java.util.regex.Pattern::closure (276 bytes)
Event: 73.115 Thread 0x0000013c70e70cf0 nmethod 3210 0x0000013c5dde8788 code [0x0000013c5dde8880, 0x0000013c5ddea158]
Event: 73.115 Thread 0x0000013c70e70cf0 3211       3       java.lang.CharacterDataLatin1::isUpperCase (16 bytes)
Event: 73.115 Thread 0x0000013c70e70cf0 nmethod 3211 0x0000013c5dfa7708 code [0x0000013c5dfa7800, 0x0000013c5dfa7a58]
Event: 73.115 Thread 0x0000013c70e70cf0 3212       3       java.lang.CharacterDataLatin1::getPropertiesEx (11 bytes)
Event: 73.116 Thread 0x0000013c70e70cf0 nmethod 3212 0x0000013c5dd13e88 code [0x0000013c5dd13f80, 0x0000013c5dd140b0]
Event: 73.116 Thread 0x0000013c70e70cf0 3209       3       java.util.regex.Pattern$Node::study (21 bytes)
Event: 73.116 Thread 0x0000013c70e70cf0 nmethod 3209 0x0000013c5dd1b408 code [0x0000013c5dd1b500, 0x0000013c5dd1b728]

GC Heap Usage History (20 events):
Event: 47.666 {heap Before GC invocations=23 (full 0):
 garbage-first heap   total reserved 1013760K, committed 10240K, used 8971K [0x00000000c2200000, 0x0000000100000000)
  region size 1M, 3 eden (3M), 1 survivor (1M), 5 old (5M), 0 humongous (0M), 1 free (1M)
}
Event: 47.670 {heap After GC invocations=24 (full 0):
 garbage-first heap   total reserved 1013760K, committed 11264K, used 6288K [0x00000000c2200000, 0x0000000100000000)
  region size 1M, 0 eden (0M), 1 survivor (1M), 6 old (6M), 0 humongous (0M), 4 free (4M)
}
Event: 49.080 {heap Before GC invocations=25 (full 0):
 garbage-first heap   total reserved 1013760K, committed 11264K, used 9360K [0x00000000c2200000, 0x0000000100000000)
  region size 1M, 3 eden (3M), 1 survivor (1M), 6 old (6M), 0 humongous (0M), 1 free (1M)
}
Event: 49.092 {heap After GC invocations=26 (full 0):
 garbage-first heap   total reserved 1013760K, committed 11264K, used 6655K [0x00000000c2200000, 0x0000000100000000)
  region size 1M, 0 eden (0M), 1 survivor (1M), 6 old (6M), 0 humongous (0M), 4 free (4M)
}
Event: 49.520 {heap Before GC invocations=26 (full 0):
 garbage-first heap   total reserved 1013760K, committed 11264K, used 9727K [0x00000000c2200000, 0x0000000100000000)
  region size 1M, 3 eden (3M), 1 survivor (1M), 6 old (6M), 0 humongous (0M), 1 free (1M)
}
Event: 49.524 {heap After GC invocations=27 (full 0):
 garbage-first heap   total reserved 1013760K, committed 12288K, used 7090K [0x00000000c2200000, 0x0000000100000000)
  region size 1M, 0 eden (0M), 1 survivor (1M), 7 old (7M), 0 humongous (0M), 4 free (4M)
}
Event: 49.653 {heap Before GC invocations=28 (full 0):
 garbage-first heap   total reserved 1013760K, committed 12288K, used 10162K [0x00000000c2200000, 0x0000000100000000)
  region size 1M, 3 eden (3M), 1 survivor (1M), 7 old (7M), 0 humongous (0M), 1 free (1M)
}
Event: 49.657 {heap After GC invocations=29 (full 0):
 garbage-first heap   total reserved 1013760K, committed 12288K, used 7410K [0x00000000c2200000, 0x0000000100000000)
  region size 1M, 0 eden (0M), 1 survivor (1M), 7 old (7M), 0 humongous (0M), 4 free (4M)
}
Event: 50.353 {heap Before GC invocations=29 (full 0):
 garbage-first heap   total reserved 1013760K, committed 12288K, used 10482K [0x00000000c2200000, 0x0000000100000000)
  region size 1M, 3 eden (3M), 1 survivor (1M), 7 old (7M), 0 humongous (0M), 1 free (1M)
}
Event: 50.360 {heap After GC invocations=30 (full 0):
 garbage-first heap   total reserved 1013760K, committed 13312K, used 7531K [0x00000000c2200000, 0x0000000100000000)
  region size 1M, 0 eden (0M), 1 survivor (1M), 7 old (7M), 0 humongous (0M), 5 free (5M)
}
Event: 54.394 {heap Before GC invocations=30 (full 0):
 garbage-first heap   total reserved 1013760K, committed 13312K, used 10603K [0x00000000c2200000, 0x0000000100000000)
  region size 1M, 3 eden (3M), 1 survivor (1M), 7 old (7M), 0 humongous (0M), 2 free (2M)
}
Event: 54.409 {heap After GC invocations=31 (full 0):
 garbage-first heap   total reserved 1013760K, committed 13312K, used 8113K [0x00000000c2200000, 0x0000000100000000)
  region size 1M, 0 eden (0M), 1 survivor (1M), 8 old (8M), 0 humongous (0M), 4 free (4M)
}
Event: 58.566 {heap Before GC invocations=32 (full 0):
 garbage-first heap   total reserved 1013760K, committed 13312K, used 10161K [0x00000000c2200000, 0x0000000100000000)
  region size 1M, 3 eden (3M), 1 survivor (1M), 8 old (8M), 0 humongous (0M), 1 free (1M)
}
Event: 58.576 {heap After GC invocations=33 (full 0):
 garbage-first heap   total reserved 1013760K, committed 13312K, used 8429K [0x00000000c2200000, 0x0000000100000000)
  region size 1M, 0 eden (0M), 1 survivor (1M), 8 old (8M), 0 humongous (0M), 4 free (4M)
}
Event: 62.752 {heap Before GC invocations=33 (full 0):
 garbage-first heap   total reserved 1013760K, committed 13312K, used 11501K [0x00000000c2200000, 0x0000000100000000)
  region size 1M, 3 eden (3M), 1 survivor (1M), 8 old (8M), 0 humongous (0M), 1 free (1M)
}
Event: 62.757 {heap After GC invocations=34 (full 0):
 garbage-first heap   total reserved 1013760K, committed 13312K, used 8619K [0x00000000c2200000, 0x0000000100000000)
  region size 1M, 0 eden (0M), 1 survivor (1M), 8 old (8M), 0 humongous (0M), 4 free (4M)
}
Event: 66.237 {heap Before GC invocations=35 (full 0):
 garbage-first heap   total reserved 1013760K, committed 13312K, used 10667K [0x00000000c2200000, 0x0000000100000000)
  region size 1M, 3 eden (3M), 1 survivor (1M), 8 old (8M), 0 humongous (0M), 1 free (1M)
}
Event: 66.249 {heap After GC invocations=36 (full 0):
 garbage-first heap   total reserved 1013760K, committed 13312K, used 8939K [0x00000000c2200000, 0x0000000100000000)
  region size 1M, 0 eden (0M), 1 survivor (1M), 8 old (8M), 0 humongous (0M), 4 free (4M)
}
Event: 68.424 {heap Before GC invocations=36 (full 0):
 garbage-first heap   total reserved 1013760K, committed 13312K, used 12011K [0x00000000c2200000, 0x0000000100000000)
  region size 1M, 3 eden (3M), 1 survivor (1M), 8 old (8M), 0 humongous (0M), 1 free (1M)
}
Event: 68.429 {heap After GC invocations=37 (full 0):
 garbage-first heap   total reserved 1013760K, committed 14336K, used 9251K [0x00000000c2200000, 0x0000000100000000)
  region size 1M, 0 eden (0M), 1 survivor (1M), 9 old (9M), 0 humongous (0M), 4 free (4M)
}

Metaspace Usage History (20 events):
Event: 47.666 {metaspace Before GC invocations=23 (full 0):
 Metaspace       used 9822K, committed 10048K, reserved 1114112K
  class space    used 1225K, committed 1344K, reserved 1048576K
}
Event: 47.670 {metaspace After GC invocations=24 (full 0):
 Metaspace       used 9822K, committed 10048K, reserved 1114112K
  class space    used 1225K, committed 1344K, reserved 1048576K
}
Event: 49.080 {metaspace Before GC invocations=25 (full 0):
 Metaspace       used 10498K, committed 10688K, reserved 1114112K
  class space    used 1318K, committed 1408K, reserved 1048576K
}
Event: 49.092 {metaspace After GC invocations=26 (full 0):
 Metaspace       used 10498K, committed 10688K, reserved 1114112K
  class space    used 1318K, committed 1408K, reserved 1048576K
}
Event: 49.520 {metaspace Before GC invocations=26 (full 0):
 Metaspace       used 11098K, committed 11264K, reserved 1114112K
  class space    used 1404K, committed 1472K, reserved 1048576K
}
Event: 49.524 {metaspace After GC invocations=27 (full 0):
 Metaspace       used 11098K, committed 11264K, reserved 1114112K
  class space    used 1404K, committed 1472K, reserved 1048576K
}
Event: 49.653 {metaspace Before GC invocations=28 (full 0):
 Metaspace       used 11497K, committed 11648K, reserved 1114112K
  class space    used 1462K, committed 1536K, reserved 1048576K
}
Event: 49.657 {metaspace After GC invocations=29 (full 0):
 Metaspace       used 11497K, committed 11648K, reserved 1114112K
  class space    used 1462K, committed 1536K, reserved 1048576K
}
Event: 50.353 {metaspace Before GC invocations=29 (full 0):
 Metaspace       used 12055K, committed 12288K, reserved 1114112K
  class space    used 1553K, committed 1664K, reserved 1048576K
}
Event: 50.360 {metaspace After GC invocations=30 (full 0):
 Metaspace       used 12055K, committed 12288K, reserved 1114112K
  class space    used 1553K, committed 1664K, reserved 1048576K
}
Event: 54.394 {metaspace Before GC invocations=30 (full 0):
 Metaspace       used 12650K, committed 12800K, reserved 1114112K
  class space    used 1610K, committed 1664K, reserved 1048576K
}
Event: 54.409 {metaspace After GC invocations=31 (full 0):
 Metaspace       used 12650K, committed 12800K, reserved 1114112K
  class space    used 1610K, committed 1664K, reserved 1048576K
}
Event: 58.566 {metaspace Before GC invocations=32 (full 0):
 Metaspace       used 13452K, committed 13696K, reserved 1114112K
  class space    used 1714K, committed 1856K, reserved 1048576K
}
Event: 58.576 {metaspace After GC invocations=33 (full 0):
 Metaspace       used 13452K, committed 13696K, reserved 1114112K
  class space    used 1714K, committed 1856K, reserved 1048576K
}
Event: 62.752 {metaspace Before GC invocations=33 (full 0):
 Metaspace       used 14098K, committed 14400K, reserved 1114112K
  class space    used 1784K, committed 1920K, reserved 1048576K
}
Event: 62.757 {metaspace After GC invocations=34 (full 0):
 Metaspace       used 14098K, committed 14400K, reserved 1114112K
  class space    used 1784K, committed 1920K, reserved 1048576K
}
Event: 66.237 {metaspace Before GC invocations=35 (full 0):
 Metaspace       used 14605K, committed 14848K, reserved 1114112K
  class space    used 1845K, committed 1920K, reserved 1048576K
}
Event: 66.249 {metaspace After GC invocations=36 (full 0):
 Metaspace       used 14605K, committed 14848K, reserved 1114112K
  class space    used 1845K, committed 1920K, reserved 1048576K
}
Event: 68.424 {metaspace Before GC invocations=36 (full 0):
 Metaspace       used 14840K, committed 15040K, reserved 1114112K
  class space    used 1873K, committed 1984K, reserved 1048576K
}
Event: 68.429 {metaspace After GC invocations=37 (full 0):
 Metaspace       used 14840K, committed 15040K, reserved 1114112K
  class space    used 1873K, committed 1984K, reserved 1048576K
}

Dll operation events (14 events):
Event: 0.019 Attempting to load shared library C:\Program Files\Apache NetBeans\jdk\bin\java.dll
Event: 0.026 Loaded shared library C:\Program Files\Apache NetBeans\jdk\bin\java.dll
Event: 0.598 Attempting to load shared library C:\Program Files\Apache NetBeans\jdk\bin\net.dll
Event: 0.616 Loaded shared library C:\Program Files\Apache NetBeans\jdk\bin\net.dll
Event: 0.887 Attempting to load shared library C:\Program Files\Apache NetBeans\jdk\bin\nio.dll
Event: 1.109 Loaded shared library C:\Program Files\Apache NetBeans\jdk\bin\nio.dll
Event: 1.223 Attempting to load shared library C:\Program Files\Apache NetBeans\jdk\bin\zip.dll
Event: 1.320 Loaded shared library C:\Program Files\Apache NetBeans\jdk\bin\zip.dll
Event: 10.418 Attempting to load shared library C:\Program Files\Apache NetBeans\jdk\bin\jimage.dll
Event: 10.418 Loaded shared library C:\Program Files\Apache NetBeans\jdk\bin\jimage.dll
Event: 10.500 Attempting to load shared library C:\Program Files\Apache NetBeans\java\maven\lib\jansi-native\Windows\x86_64\jansi.dll
Event: 10.624 Loaded shared library C:\Program Files\Apache NetBeans\java\maven\lib\jansi-native\Windows\x86_64\jansi.dll
Event: 10.979 Attempting to load shared library C:\Program Files\Apache NetBeans\jdk\bin\verify.dll
Event: 11.504 Loaded shared library C:\Program Files\Apache NetBeans\jdk\bin\verify.dll

Deoptimization events (20 events):
Event: 68.040 Thread 0x0000013c53404430 Uncommon trap: trap_request=0xffffffde fr.pc=0x0000013c65886b6c relative=0x00000000000005ec
Event: 68.040 Thread 0x0000013c53404430 Uncommon trap: reason=class_check action=maybe_recompile pc=0x0000013c65886b6c method=java.util.HashMap.putVal(ILjava/lang/Object;Ljava/lang/Object;ZZ)Ljava/lang/Object; @ 203 c2
Event: 68.040 Thread 0x0000013c53404430 DEOPT PACKING pc=0x0000013c65886b6c sp=0x0000003973afd5e0
Event: 68.040 Thread 0x0000013c53404430 DEOPT UNPACKING pc=0x0000013c6535dd82 sp=0x0000003973afd4e8 mode 2
Event: 68.041 Thread 0x0000013c53404430 Uncommon trap: trap_request=0xffffffde fr.pc=0x0000013c65886b6c relative=0x00000000000005ec
Event: 68.041 Thread 0x0000013c53404430 Uncommon trap: reason=class_check action=maybe_recompile pc=0x0000013c65886b6c method=java.util.HashMap.putVal(ILjava/lang/Object;Ljava/lang/Object;ZZ)Ljava/lang/Object; @ 203 c2
Event: 68.041 Thread 0x0000013c53404430 DEOPT PACKING pc=0x0000013c65886b6c sp=0x0000003973afd5e0
Event: 68.041 Thread 0x0000013c53404430 DEOPT UNPACKING pc=0x0000013c6535dd82 sp=0x0000003973afd4e8 mode 2
Event: 68.046 Thread 0x0000013c53404430 Uncommon trap: trap_request=0xffffff45 fr.pc=0x0000013c6586603c relative=0x00000000000001bc
Event: 68.046 Thread 0x0000013c53404430 Uncommon trap: reason=unstable_if action=reinterpret pc=0x0000013c6586603c method=java.lang.String.indexOf(Ljava/lang/String;)I @ 10 c2
Event: 68.046 Thread 0x0000013c53404430 DEOPT PACKING pc=0x0000013c6586603c sp=0x0000003973afd8c0
Event: 68.046 Thread 0x0000013c53404430 DEOPT UNPACKING pc=0x0000013c6535dd82 sp=0x0000003973afd850 mode 2
Event: 68.380 Thread 0x0000013c53404430 Uncommon trap: trap_request=0xffffff45 fr.pc=0x0000013c658ab028 relative=0x0000000000000d28
Event: 68.380 Thread 0x0000013c53404430 Uncommon trap: reason=unstable_if action=reinterpret pc=0x0000013c658ab028 method=org.codehaus.plexus.util.xml.pull.MXParser.nextImpl()I @ 1167 c2
Event: 68.380 Thread 0x0000013c53404430 DEOPT PACKING pc=0x0000013c658ab028 sp=0x0000003973afdc50
Event: 68.380 Thread 0x0000013c53404430 DEOPT UNPACKING pc=0x0000013c6535dd82 sp=0x0000003973afdbc8 mode 2
Event: 73.087 Thread 0x0000013c53404430 Uncommon trap: trap_request=0xffffff45 fr.pc=0x0000013c658382d8 relative=0x0000000000000258
Event: 73.087 Thread 0x0000013c53404430 Uncommon trap: reason=unstable_if action=reinterpret pc=0x0000013c658382d8 method=java.lang.String.decodeASCII([BI[CII)I @ 13 c2
Event: 73.087 Thread 0x0000013c53404430 DEOPT PACKING pc=0x0000013c658382d8 sp=0x0000003973afc580
Event: 73.087 Thread 0x0000013c53404430 DEOPT UNPACKING pc=0x0000013c6535dd82 sp=0x0000003973afc530 mode 2

Classes loaded (20 events):
Event: 62.946 Loading class sun/nio/fs/WindowsFileSystemProvider$1
Event: 63.050 Loading class sun/nio/fs/WindowsFileSystemProvider$1 done
Event: 63.052 Loading class sun/nio/fs/WindowsChannelFactory$2
Event: 63.532 Loading class sun/nio/fs/WindowsChannelFactory$2 done
Event: 63.532 Loading class sun/nio/ch/FileLockImpl
Event: 63.652 Loading class sun/nio/ch/FileLockImpl done
Event: 63.652 Loading class sun/nio/ch/FileLockTable
Event: 63.783 Loading class sun/nio/ch/FileLockTable done
Event: 63.784 Loading class sun/nio/ch/FileKey
Event: 63.784 Loading class sun/nio/ch/FileKey done
Event: 63.785 Loading class sun/nio/ch/FileLockTable$FileLockReference
Event: 63.785 Loading class sun/nio/ch/FileLockTable$FileLockReference done
Event: 63.831 Loading class java/util/AbstractMap$2
Event: 64.072 Loading class java/util/AbstractMap$2 done
Event: 64.072 Loading class java/util/AbstractMap$ValueIterator
Event: 64.073 Loading class java/util/AbstractMap$ValueIterator done
Event: 64.660 Loading class java/util/Formatter$FixedString
Event: 65.104 Loading class java/util/Formatter$FixedString done
Event: 68.050 Loading class java/util/stream/Streams$RangeIntSpliterator
Event: 68.236 Loading class java/util/stream/Streams$RangeIntSpliterator done

Classes unloaded (0 events):
No events

Classes redefined (0 events):
No events

Internal exceptions (20 events):
Event: 30.032 Thread 0x0000013c53404430 Exception <a 'java/lang/NoSuchMethodError'{0x00000000c2857858}: 'java.lang.Object java.lang.invoke.DirectMethodHandle$Holder.invokeInterface(java.lang.Object, java.lang.Object)'> (0x00000000c2857858) 
thrown [s\src\hotspot\share\interpreter\linkResolver.cpp, line 804]
Event: 30.788 Thread 0x0000013c53404430 Exception <a 'java/lang/NoSuchMethodError'{0x00000000c2907180}: 'int java.lang.invoke.DirectMethodHandle$Holder.invokeStatic(java.lang.Object, java.lang.Object, java.lang.Object, java.lang.Object)'> (0x00000000c2907180) 
thrown [s\src\hotspot\share\interpreter\linkResolver.cpp, line 804]
Event: 32.532 Thread 0x0000013c53404430 Exception <a 'java/lang/NoSuchMethodError'{0x00000000c2930eb0}: 'int java.lang.invoke.DirectMethodHandle$Holder.invokeSpecialIFC(java.lang.Object, java.lang.Object, java.lang.Object, java.lang.Object, java.lang.Object)'> (0x00000000c2930eb0) 
thrown [s\src\hotspot\share\interpreter\linkResolver.cpp, line 804]
Event: 35.094 Thread 0x0000013c53404430 Exception <a 'java/lang/NoSuchMethodError'{0x00000000c287f2b0}: 'java.lang.Object java.lang.invoke.DirectMethodHandle$Holder.newInvokeSpecial(java.lang.Object, java.lang.Object, java.lang.Object, java.lang.Object, java.lang.Object)'> (0x00000000c287f2b0) 
thrown [s\src\hotspot\share\interpreter\linkResolver.cpp, line 804]
Event: 36.418 Thread 0x0000013c53404430 Exception <a 'java/lang/NoSuchMethodError'{0x00000000fff9a088}: 'int java.lang.invoke.DirectMethodHandle$Holder.invokeStaticInit(java.lang.Object, java.lang.Object)'> (0x00000000fff9a088) 
thrown [s\src\hotspot\share\interpreter\linkResolver.cpp, line 804]
Event: 36.756 Thread 0x0000013c53404430 Exception <a 'java/lang/NoClassDefFoundError'{0x00000000fffd1dc0}: javax/enterprise/inject/Typed> (0x00000000fffd1dc0) 
thrown [s\src\hotspot\share\classfile\systemDictionary.cpp, line 318]
Event: 48.446 Thread 0x0000013c53404430 Exception <a 'java/lang/NoSuchMethodError'{0x00000000c28b44c8}: 'void java.lang.invoke.DirectMethodHandle$Holder.invokeStaticInit(java.lang.Object, java.lang.Object, java.lang.Object)'> (0x00000000c28b44c8) 
thrown [s\src\hotspot\share\interpreter\linkResolver.cpp, line 804]
Event: 49.211 Thread 0x0000013c53404430 Implicit null exception at 0x0000013c6580a69d to 0x0000013c6580a7cc
Event: 49.237 Thread 0x0000013c53404430 Exception <a 'java/lang/NoSuchMethodError'{0x00000000fff43320}: 'java.lang.Object java.lang.invoke.Invokers$Holder.invokeExact_MT(java.lang.Object, int, java.lang.Object)'> (0x00000000fff43320) 
thrown [s\src\hotspot\share\interpreter\linkResolver.cpp, line 804]
Event: 50.301 Thread 0x0000013c53404430 Exception <a 'java/lang/NoSuchMethodError'{0x00000000c2863e70}: 'void java.lang.invoke.Invokers$Holder.invokeExact_MT(java.lang.Object, java.lang.Object, java.lang.Object, java.lang.Object)'> (0x00000000c2863e70) 
thrown [s\src\hotspot\share\interpreter\linkResolver.cpp, line 804]
Event: 50.347 Thread 0x0000013c53404430 Exception <a 'java/lang/NoClassDefFoundError'{0x00000000c28e4f20}: com/google/inject/servlet/ServletModuleTargetVisitor> (0x00000000c28e4f20) 
thrown [s\src\hotspot\share\classfile\systemDictionary.cpp, line 318]
Event: 55.563 Thread 0x0000013c53404430 Exception <a 'java/lang/NoSuchMethodError'{0x00000000fff1d810}: 'java.lang.Object java.lang.invoke.DirectMethodHandle$Holder.invokeStaticInit(java.lang.Object, int, int, int, int)'> (0x00000000fff1d810) 
thrown [s\src\hotspot\share\interpreter\linkResolver.cpp, line 804]
Event: 58.620 Thread 0x0000013c53404430 Exception <a 'java/lang/NoSuchMethodError'{0x00000000fffb1ee0}: 'java.lang.Object java.lang.invoke.DirectMethodHandle$Holder.invokeVirtual(java.lang.Object, java.lang.Object, java.lang.Object)'> (0x00000000fffb1ee0) 
thrown [s\src\hotspot\share\interpreter\linkResolver.cpp, line 804]
Event: 58.624 Thread 0x0000013c53404430 Exception <a 'java/lang/NoSuchMethodError'{0x00000000fffd8bf8}: 'void java.lang.invoke.DirectMethodHandle$Holder.invokeSpecial(java.lang.Object, java.lang.Object, java.lang.Object, java.lang.Object, java.lang.Object, java.lang.Object)'> (0x00000000fffd8bf8) 
thrown [s\src\hotspot\share\interpreter\linkResolver.cpp, line 804]
Event: 61.539 Thread 0x0000013c53404430 Exception <a 'java/lang/NoSuchMethodError'{0x00000000c2893ef0}: 'void java.lang.invoke.DirectMethodHandle$Holder.invokeVirtual(java.lang.Object, java.lang.Object, int)'> (0x00000000c2893ef0) 
thrown [s\src\hotspot\share\interpreter\linkResolver.cpp, line 804]
Event: 62.738 Thread 0x0000013c53404430 Exception <a 'java/lang/NoSuchMethodError'{0x00000000c28ac9a0}: 'java.lang.Object java.lang.invoke.DirectMethodHandle$Holder.invokeStatic(java.lang.Object, java.lang.Object, java.lang.Object, java.lang.Object, int)'> (0x00000000c28ac9a0) 
thrown [s\src\hotspot\share\interpreter\linkResolver.cpp, line 804]
Event: 62.741 Thread 0x0000013c53404430 Exception <a 'java/lang/NoSuchMethodError'{0x00000000c28be328}: 'void java.lang.invoke.DirectMethodHandle$Holder.invokeSpecial(java.lang.Object, java.lang.Object, java.lang.Object, int)'> (0x00000000c28be328) 
thrown [s\src\hotspot\share\interpreter\linkResolver.cpp, line 804]
Event: 62.741 Thread 0x0000013c53404430 Exception <a 'java/lang/NoSuchMethodError'{0x00000000c28c6920}: 'void java.lang.invoke.DelegatingMethodHandle$Holder.reinvoke_L(java.lang.Object, java.lang.Object, int)'> (0x00000000c28c6920) 
thrown [s\src\hotspot\share\interpreter\linkResolver.cpp, line 804]
Event: 68.398 Thread 0x0000013c53404430 Exception <a 'java/lang/NoSuchMethodError'{0x00000000c2818188}: 'void java.lang.invoke.DirectMethodHandle$Holder.invokeStatic(java.lang.Object, java.lang.Object, java.lang.Object, java.lang.Object)'> (0x00000000c2818188) 
thrown [s\src\hotspot\share\interpreter\linkResolver.cpp, line 804]
Event: 68.407 Thread 0x0000013c53404430 Exception <a 'java/lang/NoSuchMethodError'{0x00000000c285a378}: 'java.lang.Object java.lang.invoke.DirectMethodHandle$Holder.newInvokeSpecial(java.lang.Object, java.lang.Object, java.lang.Object, java.lang.Object, java.lang.Object, java.lang.Object, java.lang.Object)'> (0x00000000c285a378) 
thrown [s\src\hotspot\share\interpreter\linkResolver.cpp, line 804]

VM Operations (20 events):
Event: 58.566 Executing safepoint VM operation: G1CollectForAllocation (G1 Evacuation Pause)
Event: 58.576 Executing safepoint VM operation: G1CollectForAllocation (G1 Evacuation Pause) done
Event: 60.050 Executing non-safepoint VM operation: HandshakeAllThreads (DeflationHandshakeClosure)
Event: 60.553 Executing non-safepoint VM operation: HandshakeAllThreads (DeflationHandshakeClosure) done
Event: 60.553 Executing non-safepoint VM operation: RendezvousGCThreads
Event: 60.553 Executing non-safepoint VM operation: RendezvousGCThreads done
Event: 62.752 Executing safepoint VM operation: G1CollectForAllocation (G1 Evacuation Pause)
Event: 62.757 Executing safepoint VM operation: G1CollectForAllocation (G1 Evacuation Pause) done
Event: 62.783 Executing safepoint VM operation: G1PauseRemark
Event: 62.787 Executing safepoint VM operation: G1PauseRemark done
Event: 62.796 Executing safepoint VM operation: G1PauseCleanup
Event: 62.796 Executing safepoint VM operation: G1PauseCleanup done
Event: 66.237 Executing safepoint VM operation: G1CollectForAllocation (G1 Evacuation Pause)
Event: 66.249 Executing safepoint VM operation: G1CollectForAllocation (G1 Evacuation Pause) done
Event: 68.424 Executing safepoint VM operation: G1CollectForAllocation (G1 Evacuation Pause)
Event: 68.429 Executing safepoint VM operation: G1CollectForAllocation (G1 Evacuation Pause) done
Event: 68.454 Executing safepoint VM operation: G1PauseRemark
Event: 68.457 Executing safepoint VM operation: G1PauseRemark done
Event: 68.465 Executing safepoint VM operation: G1PauseCleanup
Event: 68.465 Executing safepoint VM operation: G1PauseCleanup done

Memory protections (0 events):
No events

Nmethod flushes (20 events):
Event: 68.457 Thread 0x0000013c535cbe60 flushing  nmethod 0x0000013c5dde5188
Event: 68.457 Thread 0x0000013c535cbe60 flushing  nmethod 0x0000013c5de24d88
Event: 68.457 Thread 0x0000013c535cbe60 flushing  nmethod 0x0000013c5dea6a88
Event: 68.457 Thread 0x0000013c535cbe60 flushing  nmethod 0x0000013c5deadc88
Event: 68.457 Thread 0x0000013c535cbe60 flushing  nmethod 0x0000013c5def4088
Event: 68.457 Thread 0x0000013c535cbe60 flushing  nmethod 0x0000013c5dfa7708
Event: 68.457 Thread 0x0000013c535cbe60 flushing  nmethod 0x0000013c6582f888
Event: 68.457 Thread 0x0000013c535cbe60 flushing  nmethod 0x0000013c65839608
Event: 68.457 Thread 0x0000013c535cbe60 flushing  nmethod 0x0000013c65899388
Event: 68.457 Thread 0x0000013c535cbe60 flushing  nmethod 0x0000013c5dd89d08
Event: 68.457 Thread 0x0000013c535cbe60 flushing  nmethod 0x0000013c5dd8ee88
Event: 68.457 Thread 0x0000013c535cbe60 flushing  nmethod 0x0000013c5dd92c88
Event: 68.457 Thread 0x0000013c535cbe60 flushing  nmethod 0x0000013c5dd97888
Event: 68.457 Thread 0x0000013c535cbe60 flushing  nmethod 0x0000013c5dd9aa88
Event: 68.457 Thread 0x0000013c535cbe60 flushing  nmethod 0x0000013c5ddb0b88
Event: 68.457 Thread 0x0000013c535cbe60 flushing  nmethod 0x0000013c5ddb1988
Event: 68.457 Thread 0x0000013c535cbe60 flushing  nmethod 0x0000013c5dde7608
Event: 68.457 Thread 0x0000013c535cbe60 flushing  nmethod 0x0000013c5dde8a88
Event: 68.457 Thread 0x0000013c535cbe60 flushing  nmethod 0x0000013c5debfc88
Event: 68.457 Thread 0x0000013c535cbe60 flushing  nmethod 0x0000013c5df80e08

Events (15 events):
Event: 0.060 Thread 0x0000013c53404430 Thread added: 0x0000013c53404430
Event: 0.078 Thread 0x0000013c53404430 Thread added: 0x0000013c70e2a780
Event: 0.078 Thread 0x0000013c53404430 Thread added: 0x0000013c70e2b1d0
Event: 0.079 Thread 0x0000013c53404430 Thread added: 0x0000013c70e2e150
Event: 0.079 Thread 0x0000013c53404430 Thread added: 0x0000013c70e2f230
Event: 0.079 Thread 0x0000013c53404430 Thread added: 0x0000013c70e2fbf0
Event: 0.079 Thread 0x0000013c53404430 Thread added: 0x0000013c70e38ce0
Event: 0.079 Thread 0x0000013c53404430 Thread added: 0x0000013c70e5da60
Event: 0.079 Thread 0x0000013c53404430 Thread added: 0x0000013c70e70cf0
Event: 0.096 Thread 0x0000013c53404430 Thread added: 0x0000013c750606a0
Event: 0.477 Thread 0x0000013c53404430 Thread added: 0x0000013c75066750
Event: 10.412 Thread 0x0000013c53404430 Thread added: 0x0000013c70f243a0
Event: 25.704 Thread 0x0000013c70f243a0 Thread exited: 0x0000013c70f243a0
Event: 38.040 Thread 0x0000013c70e5da60 Thread added: 0x0000013c70e6fcd0
Event: 38.421 Thread 0x0000013c70e6fcd0 Thread exited: 0x0000013c70e6fcd0


Dynamic libraries:
0x00007ff703550000 - 0x00007ff70355e000 	C:\Program Files\Apache NetBeans\jdk\bin\java.exe
0x00007fffc0930000 - 0x00007fffc0b28000 	C:\Windows\SYSTEM32\ntdll.dll
0x00007fffc0480000 - 0x00007fffc0542000 	C:\Windows\System32\KERNEL32.DLL
0x00007fffbe2b0000 - 0x00007fffbe5a7000 	C:\Windows\System32\KERNELBASE.dll
0x00007fffbe130000 - 0x00007fffbe230000 	C:\Windows\System32\ucrtbase.dll
0x00007fff920b0000 - 0x00007fff920c7000 	C:\Program Files\Apache NetBeans\jdk\bin\jli.dll
0x00007fffa4bb0000 - 0x00007fffa4bce000 	C:\Program Files\Apache NetBeans\jdk\bin\VCRUNTIME140.dll
0x00007fffbf490000 - 0x00007fffbf631000 	C:\Windows\System32\USER32.dll
0x00007fffbe600000 - 0x00007fffbe622000 	C:\Windows\System32\win32u.dll
0x00007fffac920000 - 0x00007fffacbbb000 	C:\Windows\WinSxS\amd64_microsoft.windows.common-controls_6595b64144ccf1df_6.0.19041.6456_none_60b8a6cb71f64256\COMCTL32.dll
0x00007fffbf460000 - 0x00007fffbf48b000 	C:\Windows\System32\GDI32.dll
0x00007fffbf770000 - 0x00007fffbf80e000 	C:\Windows\System32\msvcrt.dll
0x00007fffbe630000 - 0x00007fffbe749000 	C:\Windows\System32\gdi32full.dll
0x00007fffbdfb0000 - 0x00007fffbe04d000 	C:\Windows\System32\msvcp_win.dll
0x00007fffc0810000 - 0x00007fffc083f000 	C:\Windows\System32\IMM32.DLL
0x00007fffa4ba0000 - 0x00007fffa4bac000 	C:\Program Files\Apache NetBeans\jdk\bin\vcruntime140_1.dll
0x00007fff566b0000 - 0x00007fff5673d000 	C:\Program Files\Apache NetBeans\jdk\bin\msvcp140.dll
0x00007fff56740000 - 0x00007fff576d9000 	C:\Program Files\Apache NetBeans\jdk\bin\server\jvm.dll
0x00007fffbf0c0000 - 0x00007fffbf171000 	C:\Windows\System32\ADVAPI32.dll
0x00007fffc0770000 - 0x00007fffc080f000 	C:\Windows\System32\sechost.dll
0x00007fffbf200000 - 0x00007fffbf320000 	C:\Windows\System32\RPCRT4.dll
0x00007fffbe100000 - 0x00007fffbe127000 	C:\Windows\System32\bcrypt.dll
0x00007fffc0700000 - 0x00007fffc076b000 	C:\Windows\System32\WS2_32.dll
0x00007fffbde90000 - 0x00007fffbdedb000 	C:\Windows\SYSTEM32\POWRPROF.dll
0x00007fffabac0000 - 0x00007fffabae7000 	C:\Windows\SYSTEM32\WINMM.dll
0x00007fffb07c0000 - 0x00007fffb07ca000 	C:\Windows\SYSTEM32\VERSION.dll
0x00007fffbde70000 - 0x00007fffbde82000 	C:\Windows\SYSTEM32\UMPDC.dll
0x00007fffbc810000 - 0x00007fffbc822000 	C:\Windows\SYSTEM32\kernel.appcore.dll
0x00007fff9bbe0000 - 0x00007fff9bbea000 	C:\Program Files\Apache NetBeans\jdk\bin\jimage.dll
0x00007fff9fb40000 - 0x00007fff9fd41000 	C:\Windows\SYSTEM32\DBGHELP.DLL
0x00007fffaabf0000 - 0x00007fffaac24000 	C:\Windows\SYSTEM32\dbgcore.DLL
0x00007fffbe8b0000 - 0x00007fffbe932000 	C:\Windows\System32\bcryptPrimitives.dll
0x00007fff924b0000 - 0x00007fff924ce000 	C:\Program Files\Apache NetBeans\jdk\bin\java.dll
0x00007fffc05d0000 - 0x00007fffc06fb000 	C:\Windows\System32\ole32.dll
0x00007fffbf810000 - 0x00007fffbfb63000 	C:\Windows\System32\combase.dll
0x00007fffbe940000 - 0x00007fffbf0b1000 	C:\Windows\System32\SHELL32.dll
0x00007fffbbf50000 - 0x00007fffbc6f6000 	C:\Windows\SYSTEM32\windows.storage.dll
0x00007fffbd900000 - 0x00007fffbd92b000 	C:\Windows\SYSTEM32\Wldp.dll
0x00007fffbf6a0000 - 0x00007fffbf76d000 	C:\Windows\System32\OLEAUT32.dll
0x00007fffbfbe0000 - 0x00007fffbfc8d000 	C:\Windows\System32\SHCORE.dll
0x00007fffc0570000 - 0x00007fffc05cb000 	C:\Windows\System32\shlwapi.dll
0x00007fffbdee0000 - 0x00007fffbdf04000 	C:\Windows\SYSTEM32\profapi.dll
0x00007fff90ad0000 - 0x00007fff90ae1000 	C:\Program Files\Apache NetBeans\jdk\bin\net.dll
0x00007fffbd660000 - 0x00007fffbd6ca000 	C:\Windows\system32\mswsock.dll
0x00007fff90ab0000 - 0x00007fff90ac6000 	C:\Program Files\Apache NetBeans\jdk\bin\nio.dll
0x00007fff916a0000 - 0x00007fff916b7000 	C:\Program Files\Apache NetBeans\jdk\bin\zip.dll
0x00007fffa50c0000 - 0x00007fffa50e4000 	C:\Program Files\Apache NetBeans\java\maven\lib\jansi-native\Windows\x86_64\jansi.dll
0x00007fff95ec0000 - 0x00007fff95ed0000 	C:\Program Files\Apache NetBeans\jdk\bin\verify.dll

JVMTI agents: none

dbghelp: loaded successfully - version: 4.0.5 - missing functions: none
symbol engine: initialized successfully - sym options: 0x614 - pdb path: .;C:\Program Files\Apache NetBeans\jdk\bin;C:\Windows\SYSTEM32;C:\Windows\WinSxS\amd64_microsoft.windows.common-controls_6595b64144ccf1df_6.0.19041.6456_none_60b8a6cb71f64256;C:\Program Files\Apache NetBeans\jdk\bin\server;C:\Program Files\Apache NetBeans\java\maven\lib\jansi-native\Windows\x86_64

VM Arguments:
jvm_args: --enable-native-access=ALL-UNNAMED -Dclassworlds.conf=C:\Program Files\Apache NetBeans\java\maven\bin\m2.conf -Dmaven.home=C:\Program Files\Apache NetBeans\java\maven -Dlibrary.jansi.path=C:\Program Files\Apache NetBeans\java\maven\lib\jansi-native -Dmaven.multiModuleProjectDirectory=C:\Users\HP\OneDrive\Documents\NetBeansProjects\TPBanquejoris 
java_command: org.codehaus.plexus.classworlds.launcher.Launcher -Dmaven.ext.class.path=C:\Program Files\Apache NetBeans\java\maven-nblib\netbeans-eventspy.jar --no-transfer-progress clean
java_class_path (initial): C:\Program Files\Apache NetBeans\java\maven\boot\plexus-classworlds-2.9.0.jar
Launcher Type: SUN_STANDARD

[Global flags]
     bool AOTAdapterCaching                        = false                                  {diagnostic} {ergonomic}
     bool AOTInvokeDynamicLinking                  = false                                  {diagnostic} {ergonomic}
     bool AOTRecordTraining                        = false                                  {diagnostic} {ergonomic}
     bool AOTReplayTraining                        = false                                  {diagnostic} {ergonomic}
     bool AOTStubCaching                           = false                                  {diagnostic} {ergonomic}
     intx CICompilerCount                          = 3                                         {product} {ergonomic}
     uint ConcGCThreads                            = 1                                         {product} {ergonomic}
     uint G1ConcRefinementThreads                  = 4                                         {product} {ergonomic}
     uint G1EagerReclaimRemSetThreshold            = 10                                   {experimental} {ergonomic}
   size_t G1HeapRegionSize                         = 1048576                                   {product} {ergonomic}
     uint G1RemSetArrayOfCardsEntries              = 10                                   {experimental} {ergonomic}
     uint G1RemSetHowlMaxNumBuckets                = 8                                    {experimental} {ergonomic}
     uint G1RemSetHowlNumBuckets                   = 4                                    {experimental} {ergonomic}
   size_t InitialHeapSize                          = 8388608                                   {product} {ergonomic}
     bool IntelJccErratumMitigation                = false                             {ARCH diagnostic} {ergonomic}
   size_t MarkStackSize                            = 4194304                                   {product} {ergonomic}
   size_t MarkStackSizeMax                         = 536870912                                 {product} {ergonomic}
   size_t MaxHeapSize                              = 1038090240                                {product} {ergonomic}
   size_t MaxNewSize                               = 622854144                                 {product} {ergonomic}
 uint64_t MaxRAM                                   = 4151816192                                {product} {ergonomic}
   size_t MinHeapDeltaBytes                        = 1048576                                   {product} {ergonomic}
   size_t MinHeapSize                              = 8388608                                   {product} {ergonomic}
   size_t NonNMethodCodeHeapSize                   = 5898240                                {pd product} {ergonomic}
   size_t NonProfiledCodeHeapSize                  = 122945536                              {pd product} {ergonomic}
   size_t ProfiledCodeHeapSize                     = 122945536                              {pd product} {ergonomic}
   size_t ReservedCodeCacheSize                    = 251789312                              {pd product} {ergonomic}
     bool SegmentedCodeCache                       = true                                      {product} {ergonomic}
   size_t SoftMaxHeapSize                          = 1038090240                             {manageable} {ergonomic}
     bool UseCompressedOops                        = true                           {product lp64_product} {ergonomic}
     bool UseCondCardMark                          = true                                      {product} {ergonomic}
     bool UseFastUnorderedTimeStamps               = true                                 {experimental} {ergonomic}
     bool UseG1GC                                  = true                                      {product} {ergonomic}
     bool UseLargePagesIndividualAllocation        = false                                  {pd product} {ergonomic}
      int X86ICacheSync                            = 1                                 {ARCH diagnostic} {ergonomic}

Logging:
Log output configuration:
 #0: stdout all=warning uptime,level,tags foldmultilines=false
 #1: stderr all=off uptime,level,tags foldmultilines=false

Release file:
IMPLEMENTOR="Eclipse Adoptium" 
IMPLEMENTOR_VERSION="Temurin-26.0.1+8" 
JAVA_RUNTIME_VERSION="26.0.1+8" 
JAVA_VERSION="26.0.1" 
JAVA_VERSION_DATE="2026-04-21" 
LIBC="default" 
MODULES="java.base java.compiler java.datatransfer java.xml java.prefs java.desktop java.instrument java.logging java.management java.security.sasl java.naming java.rmi java.management.rmi java.net.http java.scripting java.security.jgss java.transaction.xa java.sql java.sql.rowset java.xml.crypto java.se java.smartcardio jdk.accessibility jdk.internal.jvmstat jdk.attach jdk.charsets jdk.internal.opt jdk.zipfs jdk.compiler jdk.crypto.cryptoki jdk.crypto.ec jdk.crypto.mscapi jdk.dynalink jdk.internal.ed jdk.editpad jdk.internal.vm.ci jdk.graal.compiler jdk.graal.compiler.management jdk.hotspot.agent jdk.httpserver jdk.incubator.vector jdk.internal.le jdk.internal.md jdk.jartool jdk.javadoc jdk.jcmd jdk.management jdk.management.agent jdk.jconsole jdk.jdeps jdk.jdwp.agent jdk.jdi jdk.jfr jdk.jlink jdk.jpackage jdk.jshell jdk.jstatd jdk.localedata jdk.management.jfr jdk.naming.dns jdk.naming.rmi jdk.net jdk.nio.mapmode jdk.sctp jdk.security.auth jdk.security.jgss jdk.unsupported jdk.unsupported.desktop jdk.xml.dom" 
OS_ARCH="x86_64" 
OS_NAME="Windows" 
SOURCE=".:git:1cafccec39fb" 
BUILD_SOURCE="git:a612825ee82a20ac872d60958c349854c1f29a8e"
BUILD_SOURCE_REPO="https://github.com/adoptium/temurin-build.git"
SOURCE_REPO="https://github.com/adoptium/jdk26u.git"
FULL_VERSION="26.0.1+8"
SEMANTIC_VERSION="26.0.1+8"
BUILD_INFO="OS: Windows Server 2022 Version: 10.0"
JVM_VARIANT="Hotspot"
JVM_VERSION="26.0.1+8"
IMAGE_TYPE="JDK"

Environment Variables:
JAVA_HOME=C:\Program Files\Apache NetBeans\jdk
PATH=C:\Program Files\Java\jdk-21\bin;C:\Program Files\Apache Software Foundation\Tomcat 11.0\bin;C:\apache-maven-3.9.8-bin\apache-maven-3.9.8\bin;C:\Program Files\Java\jdk-21;C:\Program Files\Java\jdk-21\bin;C:\Users\HP\AppData\Local\Microsoft\WindowsApps;C:\Users\HP\AppData\Local\Programs\Microsoft VS Code\bin;C:\Users\HP\AppData\Roaming\npm;C:\app\HP\product\23ai\dbhomeFree\bin;C:\java\jdk-17\bin;C:\Users\HP\AppData\Local\Android\Sdk\platforms;C:\Users\HP\AppData\Local\Android\Sdk\emulator;C:\Users\HP\AppData\Local\Android\Sdk\tools;C:\Users\HP\AppData\Local\Android\Sdk\cmdline-tools\latest\bin;C:\Users\HP\AppData\Local\Android\Sdk\platform-tools;C:\Program Files\Common Files\Oracle\Java\javapath;C:\Program Files (x86)\Common Files\Oracle\Java\java8path;C:\Program Files (x86)\Common Files\Oracle\Java\javapath;C:\Windows\System32;C:\Windows;C:\Windows\System32\Wbem;C:\Windows\System32\WindowsPowerShell\v1.0\;C:\Windows\System32\OpenSSH\;C:\ProgramData\chocolatey\bin;C:\Users\HP\AppData\Local\Microsoft\WinGet\Packages\Gyan.FFmpeg_Microsoft.Winget.Source_8wekyb3d8bbwe\ffmpeg-7.0.2-full_build\bin;C:\Program Files\Git\cmd;C:\MinGW\bin;C:\php;C:\Program Files\Android\Android Studio;%NVM_HOME%;%NVM_SYMLINK%;-Xmx521M;C:\Users\HP\.android\avd;C:\Users\HP\AppData\Local\Android\Sdk;C:\Program Files\Android\Android Studio\bin;C:\Program Files\Java\jre-1.8\bin;C:\oracle\product\10.2.0;C:\ProgramData\Microsoft\Windows\Start Menu\Programs\Oracle - OraDb10g_home4\D憝eloppement d'applications;C:\oracle\product\10.2.0\db_4\BIN;C:\oracle\product\10.2.0\db_4\bin;C:\wamp64\bin\php\php8.2.0;C:\ProgramData\ComposerSetup\bin;C:\Maven\bin;C:\Program Files\nodejs\;C:\Program Files\MySQL\MySQL Shell 8.0\bin\;C:\Users\HP\AppData\Local\Microsoft\WindowsApps;;C:\Users\HP\AppData\Local\Programs\Microsoft VS Code\bin;C:\Users\HP\AppData\Roaming\Composer\vendor\bin;C:\Users\HP\AppData\Local\spicetify;C:\Program Files\JetBrains\IntelliJ IDEA 2025.1.2\bin;;C:\Program Files\JetBrains\IntelliJ IDEA Community Edition 2025.1.2\bin;;C:\Users\HP\AppData\Roaming\npm;C:\Program Files\Apache NetBeans\bin\
USERNAME=HP
OS=Windows_NT
PROCESSOR_IDENTIFIER=Intel64 Family 6 Model 58 Stepping 9, GenuineIntel
TMP=C:\Users\HP\AppData\Local\Temp
TEMP=C:\Users\HP\AppData\Local\Temp




Compilation memory statistics disabled.

Periodic native trim disabled

---------------  S Y S T E M  ---------------

OS:
 Windows 10 , 64 bit Build 19041 (10.0.19041.6807)
OS uptime: 0 days 5:00 hours

CPU: total 4 (initial active 4) (2 cores per cpu, 2 threads per core) family 6 model 58 stepping 9 microcode 0x21, cx8, cmov, fxsr, ht, mmx, sse, sse2, sse3, ssse3, sse4.1, sse4.2, popcnt, tsc, tscinvbit, avx, aes, erms, clmul, vzeroupper, clflush, rdtscp, f16c
Processor Information for the first 4 processors :
  Max Mhz: 2401, Current Mhz: 2000, Mhz Limit: 2401

Memory: 4k page, system-wide physical 3959M (171M free)
TotalPageFile size 8959M (AvailPageFile size 14M)
current process WorkingSet (physical memory assigned to process): 83M, peak: 86M
current process commit charge ("private bytes"): 115M, peak: 129M

vm_info: OpenJDK 64-Bit Server VM (26.0.1+8) for windows-amd64 JRE (26.0.1+8), built on 2026-04-21T00:00:00Z with MS VC++ 17.12 (VS2022)

END.
